
Showing logs for build [32mcb-kubecd-environment-pr-23-15-vhpn2-1[0m stage [32mfrom-build-pack[0m and container [32mstep-credential-initializer-kz7hm[0m
{"level":"warn","ts":1568910380.6066258,"logger":"fallback-logger","caller":"logging/config.go:69","msg":"Fetch GitHub commit ID from kodata failed: \"ref: refs/heads/master\" is not a valid GitHub commit ID"}
{"level":"info","ts":1568910380.6073086,"logger":"fallback-logger","caller":"creds-init/main.go:40","msg":"Credentials initialized."}

Showing logs for build [32mcb-kubecd-environment-pr-23-15-vhpn2-1[0m stage [32mfrom-build-pack[0m and container [32mstep-working-dir-initializer-tpz5r[0m
{"level":"warn","ts":1568910381.6970186,"logger":"fallback-logger","caller":"logging/config.go:69","msg":"Fetch GitHub commit ID from kodata failed: open /var/run/ko/HEAD: no such file or directory"}
{"level":"info","ts":1568910381.7595768,"logger":"fallback-logger","caller":"bash/main.go:65","msg":"Successfully executed command \"mkdir -p /workspace/source /workspace/source/env\""}

Showing logs for build [32mcb-kubecd-environment-pr-23-15-vhpn2-1[0m stage [32mfrom-build-pack[0m and container [32mstep-place-tools[0m

Showing logs for build [32mcb-kubecd-environment-pr-23-15-vhpn2-1[0m stage [32mfrom-build-pack[0m and container [32mstep-git-source-cb-kubecd-environment-pr-23-15-rczsr[0m
{"level":"warn","ts":1568910386.3943393,"logger":"fallback-logger","caller":"logging/config.go:69","msg":"Fetch GitHub commit ID from kodata failed: \"ref: refs/heads/master\" is not a valid GitHub commit ID"}
{"level":"info","ts":1568910387.4703212,"logger":"fallback-logger","caller":"git/git.go:102","msg":"Successfully cloned https://github.com/cb-kubecd/environment-pr-23-15-boot-local-staging.git @ 2f0c6e924e3235a849a965351c66bbeaffdad0a2 in path /workspace/source"}

Showing logs for build [32mcb-kubecd-environment-pr-23-15-vhpn2-1[0m stage [32mfrom-build-pack[0m and container [32mstep-git-merge[0m
Using SHAs from PULL_REFS=master:4337b41b05b1121b84e8fc9d0b31d41cc87b14c2,2:2f0c6e924e3235a849a965351c66bbeaffdad0a2
DEBUG: ran git fetch --unshallow origin 2f0c6e924e3235a849a965351c66bbeaffdad0a2: 4337b41b05b1121b84e8fc9d0b31d41cc87b14c2: in 
DEBUG: ran git checkout master in 
DEBUG: ran git reset --hard 4337b41b05b1121b84e8fc9d0b31d41cc87b14c2 in 
DEBUG: ran clean --force -d . in 
DEBUG: ran git merge 2f0c6e924e3235a849a965351c66bbeaffdad0a2 in 
Merged SHA 2f0c6e924e3235a849a965351c66bbeaffdad0a2 with commit message 'chore: Promote bdd-gh-1568910205 to version 0.0.1' into base branch master

Showing logs for build [32mcb-kubecd-environment-pr-23-15-vhpn2-1[0m stage [32mfrom-build-pack[0m and container [32mstep-build-helm-build[0m
WARNING: No $CHART_REPOSITORY defined so using the default value of: http://jenkins-x-chartmuseum:8080
Adding missing Helm repo: storage.googleapis.com https://storage.googleapis.com/chartmuseum.jenkins-x.io
Read credentials for https://storage.googleapis.com/chartmuseum.jenkins-x.io from vault helm/repos
Successfully added Helm repository storage.googleapis.com.
Adding missing Helm repo: jenkins-x-chartmuseum http://jenkins-x-chartmuseum:8080
Read credentials for http://jenkins-x-chartmuseum:8080 from vault helm/repos
Successfully added Helm repository jenkins-x-chartmuseum.
WARNING: No $CHART_REPOSITORY defined so using the default value of: http://jenkins-x-chartmuseum:8080
Adding missing Helm repo: chartmuseum.jenkins-x.io http://chartmuseum.jenkins-x.io
Read credentials for http://chartmuseum.jenkins-x.io from vault helm/repos
Successfully added Helm repository chartmuseum.jenkins-x.io.
