
Showing logs for build [32mcb-kubecd-environment-pr-23-15-1[0m stage [32mfrom-build-pack[0m and container [32mstep-credential-initializer-r8xpj[0m
{"level":"warn","ts":1568909542.4654202,"logger":"fallback-logger","caller":"logging/config.go:69","msg":"Fetch GitHub commit ID from kodata failed: \"ref: refs/heads/master\" is not a valid GitHub commit ID"}
{"level":"info","ts":1568909542.4664426,"logger":"fallback-logger","caller":"creds-init/main.go:40","msg":"Credentials initialized."}

Showing logs for build [32mcb-kubecd-environment-pr-23-15-1[0m stage [32mfrom-build-pack[0m and container [32mstep-working-dir-initializer-h9lf6[0m
{"level":"warn","ts":1568909543.4473455,"logger":"fallback-logger","caller":"logging/config.go:69","msg":"Fetch GitHub commit ID from kodata failed: open /var/run/ko/HEAD: no such file or directory"}
{"level":"info","ts":1568909543.449216,"logger":"fallback-logger","caller":"bash/main.go:65","msg":"Successfully executed command \"mkdir -p /workspace/source /workspace/source/env\""}

Showing logs for build [32mcb-kubecd-environment-pr-23-15-1[0m stage [32mfrom-build-pack[0m and container [32mstep-place-tools[0m

Showing logs for build [32mcb-kubecd-environment-pr-23-15-1[0m stage [32mfrom-build-pack[0m and container [32mstep-git-source-cb-kubecd-environment-pr-23-15-5s6pw[0m
{"level":"warn","ts":1568909610.136152,"logger":"fallback-logger","caller":"logging/config.go:69","msg":"Fetch GitHub commit ID from kodata failed: \"ref: refs/heads/master\" is not a valid GitHub commit ID"}
{"level":"info","ts":1568909611.9909241,"logger":"fallback-logger","caller":"git/git.go:102","msg":"Successfully cloned https://github.com/cb-kubecd/environment-pr-23-15-boot-local-staging.git @ aba55a10ed52752aa2a9b6542eb9a11ef41bea59 in path /workspace/source"}

Showing logs for build [32mcb-kubecd-environment-pr-23-15-1[0m stage [32mfrom-build-pack[0m and container [32mstep-git-merge[0m
Using SHAs from PULL_REFS=master:ee2122589d5161ba495e1edaa9543bb859c59785,1:aba55a10ed52752aa2a9b6542eb9a11ef41bea59
DEBUG: ran git fetch --unshallow origin aba55a10ed52752aa2a9b6542eb9a11ef41bea59: ee2122589d5161ba495e1edaa9543bb859c59785: in 
DEBUG: ran git checkout master in 
DEBUG: ran git reset --hard ee2122589d5161ba495e1edaa9543bb859c59785 in 
DEBUG: ran clean --force -d . in 
DEBUG: ran git merge aba55a10ed52752aa2a9b6542eb9a11ef41bea59 in 
Merged SHA aba55a10ed52752aa2a9b6542eb9a11ef41bea59 with commit message 'chore: Promote bdd-spring-1568909243 to version 0.0.1' into base branch master

Showing logs for build [32mcb-kubecd-environment-pr-23-15-1[0m stage [32mfrom-build-pack[0m and container [32mstep-build-helm-build[0m
WARNING: No $CHART_REPOSITORY defined so using the default value of: http://jenkins-x-chartmuseum:8080
Adding missing Helm repo: storage.googleapis.com https://storage.googleapis.com/chartmuseum.jenkins-x.io
Read credentials for https://storage.googleapis.com/chartmuseum.jenkins-x.io from vault helm/repos
Successfully added Helm repository storage.googleapis.com.
Adding missing Helm repo: jenkins-x-chartmuseum http://jenkins-x-chartmuseum:8080
Read credentials for http://jenkins-x-chartmuseum:8080 from vault helm/repos
Successfully added Helm repository jenkins-x-chartmuseum.
WARNING: No $CHART_REPOSITORY defined so using the default value of: http://jenkins-x-chartmuseum:8080
Adding missing Helm repo: chartmuseum.jenkins-x.io http://chartmuseum.jenkins-x.io
Read credentials for http://chartmuseum.jenkins-x.io from vault helm/repos
Successfully added Helm repository chartmuseum.jenkins-x.io.
