
Showing logs for build [32mcb-kubecd-environment-pr-23-15-shmfl-1[0m stage [32mfrom-build-pack[0m and container [32mstep-credential-initializer-9lqtz[0m
{"level":"warn","ts":1568911341.780676,"logger":"fallback-logger","caller":"logging/config.go:69","msg":"Fetch GitHub commit ID from kodata failed: \"ref: refs/heads/master\" is not a valid GitHub commit ID"}
{"level":"info","ts":1568911341.7816627,"logger":"fallback-logger","caller":"creds-init/main.go:40","msg":"Credentials initialized."}

Showing logs for build [32mcb-kubecd-environment-pr-23-15-shmfl-1[0m stage [32mfrom-build-pack[0m and container [32mstep-working-dir-initializer-kz6n4[0m
{"level":"warn","ts":1568911343.0561872,"logger":"fallback-logger","caller":"logging/config.go:69","msg":"Fetch GitHub commit ID from kodata failed: open /var/run/ko/HEAD: no such file or directory"}
{"level":"info","ts":1568911343.05957,"logger":"fallback-logger","caller":"bash/main.go:65","msg":"Successfully executed command \"mkdir -p /workspace/source /workspace/source/env\""}

Showing logs for build [32mcb-kubecd-environment-pr-23-15-shmfl-1[0m stage [32mfrom-build-pack[0m and container [32mstep-place-tools[0m

Showing logs for build [32mcb-kubecd-environment-pr-23-15-shmfl-1[0m stage [32mfrom-build-pack[0m and container [32mstep-git-source-cb-kubecd-environment-pr-23-15-lrwtp[0m
{"level":"warn","ts":1568911404.7785692,"logger":"fallback-logger","caller":"logging/config.go:69","msg":"Fetch GitHub commit ID from kodata failed: \"ref: refs/heads/master\" is not a valid GitHub commit ID"}
{"level":"info","ts":1568911406.6803174,"logger":"fallback-logger","caller":"git/git.go:102","msg":"Successfully cloned https://github.com/cb-kubecd/environment-pr-23-15-boot-local-staging.git @ 2f8ec75e01af4264c3135ca65ec2ed05a6c6774f in path /workspace/source"}

Showing logs for build [32mcb-kubecd-environment-pr-23-15-shmfl-1[0m stage [32mfrom-build-pack[0m and container [32mstep-git-merge[0m
Using SHAs from PULL_REFS=master:2599ee967845dd8ae4483e1b1dbc4a4670504dd5,4:2f8ec75e01af4264c3135ca65ec2ed05a6c6774f
DEBUG: ran git fetch --unshallow origin 2f8ec75e01af4264c3135ca65ec2ed05a6c6774f: 2599ee967845dd8ae4483e1b1dbc4a4670504dd5: in 
DEBUG: ran git checkout master in 
DEBUG: ran git reset --hard 2599ee967845dd8ae4483e1b1dbc4a4670504dd5 in 
DEBUG: ran clean --force -d . in 
DEBUG: ran git merge 2f8ec75e01af4264c3135ca65ec2ed05a6c6774f in 
Merged SHA 2f8ec75e01af4264c3135ca65ec2ed05a6c6774f with commit message 'chore: Promote bdd-nhwpa-1568910205 to version 0.0.1' into base branch master

Showing logs for build [32mcb-kubecd-environment-pr-23-15-shmfl-1[0m stage [32mfrom-build-pack[0m and container [32mstep-build-helm-build[0m
WARNING: No $CHART_REPOSITORY defined so using the default value of: http://jenkins-x-chartmuseum:8080
Adding missing Helm repo: storage.googleapis.com https://storage.googleapis.com/chartmuseum.jenkins-x.io
Read credentials for https://storage.googleapis.com/chartmuseum.jenkins-x.io from vault helm/repos
Successfully added Helm repository storage.googleapis.com.
Adding missing Helm repo: jenkins-x-chartmuseum http://jenkins-x-chartmuseum:8080
Read credentials for http://jenkins-x-chartmuseum:8080 from vault helm/repos
Successfully added Helm repository jenkins-x-chartmuseum.
WARNING: No $CHART_REPOSITORY defined so using the default value of: http://jenkins-x-chartmuseum:8080
Adding missing Helm repo: chartmuseum.jenkins-x.io http://chartmuseum.jenkins-x.io
Read credentials for http://chartmuseum.jenkins-x.io from vault helm/repos
Successfully added Helm repository chartmuseum.jenkins-x.io.
